2022-11-26T14:31:48.404981+0500 INFO figure1 = ферзь
2022-11-26T14:32:01.902625+0500 INFO k = 6
2022-11-26T14:32:11.003911+0500 INFO l = 5
2022-11-26T14:32:16.749010+0500 INFO figure2 = конь
2022-11-26T14:32:21.268713+0500 INFO m = 3
2022-11-26T14:32:24.117958+0500 INFO n = 8
2022-11-26T14:32:24.117958+0500 INFO answera = Фигуры находятся на клетках одинакового цвета
2022-11-26T14:32:24.117958+0500 INFO answerb = Угрожает
2022-11-26T14:32:24.152587+0500 INFO answerc = С поля фигуры 1 можно попасть на поле фигуры 2.
2022-11-26T14:55:57.584123+0500 INFO figure1 = слон
2022-11-26T14:55:59.866087+0500 INFO k = 1
2022-11-26T14:56:02.177522+0500 INFO l = 1
2022-11-26T14:56:10.377637+0500 ERROR figure2ладья 
2022-11-26T14:56:22.461635+0500 INFO figure2 = ладья
2022-11-26T14:56:30.685483+0500 INFO m = 2
2022-11-26T14:56:33.013485+0500 INFO n = 8
2022-11-26T14:56:33.014115+0500 INFO answera = Фигуры находятся на клетках одинакового цвета
2022-11-26T14:56:33.049334+0500 INFO answerb = Не угрожает
2022-11-26T14:56:33.049334+0500 INFO answerc = За 1 ход не выйдет. В 1 ход переместить в (5,5), 2 ходом попадаем на поле 2й фигуры.
2022-11-26T14:57:55.044128+0500 INFO figure1 = ладья
2022-11-26T14:57:59.093656+0500 INFO k = 7
2022-11-26T14:58:00.676774+0500 INFO l = 2
2022-11-26T14:58:04.196735+0500 INFO figure2 = конь
2022-11-26T14:58:06.039407+0500 INFO m = 5
2022-11-26T14:58:07.153745+0500 INFO n = 4
2022-11-26T14:58:07.153745+0500 INFO answera = Фигуры находятся на клетках одинакового цвета
2022-11-26T14:58:07.153745+0500 INFO answerb = Не угрожает
2022-11-26T14:58:07.153745+0500 INFO answerc = За 1 ход не выйдет. В 1 ход переместить в (7,4), 2 ходом попадаем на поле 2й фигуры.
